========================1==================
load <- getelementptr
times: 97629

getelementptr <- zext
times: 105821

getelementptr <- alloca
times: 107889

getelementptr <- 0
times: 108017

getelementptr <- and
times: 146106


========================2==================
getelementptr <- zext
getelementptr <- and
times: 73053

getelementptr <- and
getelementptr <- and
times: 73053

getelementptr <- and
load <- getelementptr
times: 73053

getelementptr <- 0
getelementptr <- zext
times: 105821

getelementptr <- alloca
getelementptr <- 0
times: 107889


========================3==================
load <- getelementptr
getelementptr <- alloca
getelementptr <- 0
times: 48777

getelementptr <- 0
getelementptr <- zext
getelementptr <- and
times: 73053

getelementptr <- zext
getelementptr <- and
getelementptr <- and
times: 73053

getelementptr <- and
getelementptr <- and
load <- getelementptr
times: 73053

getelementptr <- alloca
getelementptr <- 0
getelementptr <- zext
times: 105821


========================4==================
getelementptr <- and
load <- getelementptr
getelementptr <- alloca
getelementptr <- 0
times: 40585

load <- getelementptr
getelementptr <- alloca
getelementptr <- 0
getelementptr <- zext
times: 48777

getelementptr <- alloca
getelementptr <- 0
getelementptr <- zext
getelementptr <- and
times: 73053

getelementptr <- 0
getelementptr <- zext
getelementptr <- and
getelementptr <- and
times: 73053

getelementptr <- zext
getelementptr <- and
getelementptr <- and
load <- getelementptr
times: 73053


========================5==================
getelementptr <- and
getelementptr <- and
load <- getelementptr
getelementptr <- alloca
getelementptr <- 0
times: 40585

getelementptr <- and
load <- getelementptr
getelementptr <- alloca
getelementptr <- 0
getelementptr <- zext
times: 40585

load <- getelementptr
getelementptr <- alloca
getelementptr <- 0
getelementptr <- zext
getelementptr <- and
times: 40585

getelementptr <- alloca
getelementptr <- 0
getelementptr <- zext
getelementptr <- and
getelementptr <- and
times: 73053

getelementptr <- 0
getelementptr <- zext
getelementptr <- and
getelementptr <- and
load <- getelementptr
times: 73053


